<?xml version="1.0" encoding="UTF-8"?>
<testng-results ignored="0" total="4" passed="3" failed="1" skipped="0">
  <reporter-output>
  </reporter-output>
  <suite started-at="2025-09-10T14:44:57 IST" name="Default suite" finished-at="2025-09-10T14:47:37 IST" duration-ms="159659">
    <groups>
      <group name="cucumber">
        <method signature="AbstractTestNGCucumberTests.runScenario(io.cucumber.testng.PickleWrapper,io.cucumber.testng.FeatureWrapper)[pri:0, instance:com.runner.TestRunner@3d34d211]" name="runScenario" class="io.cucumber.testng.AbstractTestNGCucumberTests"/>
      </group> <!-- cucumber -->
    </groups>
    <test started-at="2025-09-10T14:44:57 IST" name="Default test" finished-at="2025-09-10T14:47:37 IST" duration-ms="159659">
      <class name="com.runner.TestRunner">
        <test-method is-config="true" signature="setUpClass(org.testng.ITestContext)[pri:0, instance:com.runner.TestRunner@3d34d211]" started-at="2025-09-10T14:44:57 IST" name="setUpClass" finished-at="2025-09-10T14:44:58 IST" duration-ms="1223" status="PASS">
          <params>
            <param index="0">
              <value>
                <![CDATA[org.testng.TestRunner@668a32a4]]>
              </value>
            </param>
          </params>
          <reporter-output>
          </reporter-output>
        </test-method> <!-- setUpClass -->
        <test-method signature="runScenario(io.cucumber.testng.PickleWrapper,io.cucumber.testng.FeatureWrapper)[pri:0, instance:com.runner.TestRunner@3d34d211]" started-at="2025-09-10T14:44:58 IST" name="runScenario" description="Runs Cucumber Scenarios" data-provider="scenarios" finished-at="2025-09-10T14:45:47 IST" duration-ms="48213" status="PASS">
          <params>
            <param index="0">
              <value>
                <![CDATA["Search round-trip flights and see results"]]>
              </value>
            </param>
            <param index="1">
              <value>
                <![CDATA["Search Round Trip Flights"]]>
              </value>
            </param>
          </params>
          <reporter-output>
          </reporter-output>
        </test-method> <!-- runScenario -->
        <test-method signature="runScenario(io.cucumber.testng.PickleWrapper,io.cucumber.testng.FeatureWrapper)[pri:0, instance:com.runner.TestRunner@3d34d211]" started-at="2025-09-10T14:45:47 IST" name="runScenario" description="Runs Cucumber Scenarios" data-provider="scenarios" finished-at="2025-09-10T14:46:18 IST" duration-ms="31312" status="PASS">
          <params>
            <param index="0">
              <value>
                <![CDATA["Successful login with valid mobile number"]]>
              </value>
            </param>
            <param index="1">
              <value>
                <![CDATA["Mobile Login"]]>
              </value>
            </param>
          </params>
          <reporter-output>
          </reporter-output>
        </test-method> <!-- runScenario -->
        <test-method signature="runScenario(io.cucumber.testng.PickleWrapper,io.cucumber.testng.FeatureWrapper)[pri:0, instance:com.runner.TestRunner@3d34d211]" started-at="2025-09-10T14:46:18 IST" name="runScenario" description="Runs Cucumber Scenarios" data-provider="scenarios" finished-at="2025-09-10T14:46:24 IST" duration-ms="6391" status="PASS">
          <params>
            <param index="0">
              <value>
                <![CDATA["Unsuccessful login with invalid mobile number"]]>
              </value>
            </param>
            <param index="1">
              <value>
                <![CDATA["Mobile Login"]]>
              </value>
            </param>
          </params>
          <reporter-output>
          </reporter-output>
        </test-method> <!-- runScenario -->
        <test-method signature="runScenario(io.cucumber.testng.PickleWrapper,io.cucumber.testng.FeatureWrapper)[pri:0, instance:com.runner.TestRunner@3d34d211]" started-at="2025-09-10T14:46:24 IST" name="runScenario" description="Runs Cucumber Scenarios" data-provider="scenarios" finished-at="2025-09-10T14:47:36 IST" duration-ms="71591" status="FAIL">
          <params>
            <param index="0">
              <value>
                <![CDATA["Application of filters for selecting the flight"]]>
              </value>
            </param>
            <param index="1">
              <value>
                <![CDATA["Applying Filters"]]>
              </value>
            </param>
          </params>
          <exception class="java.lang.AssertionError">
            <message>
              <![CDATA[expected [true] but found [false]]]>
            </message>
            <full-stacktrace>
              <![CDATA[java.lang.AssertionError: expected [true] but found [false]
at org.testng.Assert.fail(Assert.java:111)
at org.testng.Assert.failNotEquals(Assert.java:1590)
at org.testng.Assert.assertTrue(Assert.java:57)
at org.testng.Assert.assertTrue(Assert.java:67)
at com.stepDefinition.Selectiondefinition.the_user_wants_to_apply_the_first_filter_recommended_filter_as(Selectiondefinition.java:33)
at âœ½.the user wants to apply the first filter recommended_filter as "Non-stop"(file:///C:/Users/preeta/Desktop/capgemini/Ixigo_Testing_Project/src/test/resources/Features/selection.feature:4)
]]>
            </full-stacktrace>
          </exception> <!-- java.lang.AssertionError -->
          <reporter-output>
          </reporter-output>
        </test-method> <!-- runScenario -->
        <test-method is-config="true" signature="tearDownClass()[pri:0, instance:com.runner.TestRunner@3d34d211]" started-at="2025-09-10T14:47:36 IST" name="tearDownClass" finished-at="2025-09-10T14:47:37 IST" duration-ms="785" status="PASS">
          <reporter-output>
          </reporter-output>
        </test-method> <!-- tearDownClass -->
      </class> <!-- com.runner.TestRunner -->
    </test> <!-- Default test -->
  </suite> <!-- Default suite -->
</testng-results>
